[debug] [2025-01-22T08:10:04.819Z] ----------------------------------------------------------------------
[debug] [2025-01-22T08:10:04.825Z] Command:       /opt/homebrew/Cellar/node/22.9.0_1/bin/node /opt/homebrew/bin/firebase deploy
[debug] [2025-01-22T08:10:04.825Z] CLI Version:   13.29.1
[debug] [2025-01-22T08:10:04.825Z] Platform:      darwin
[debug] [2025-01-22T08:10:04.825Z] Node Version:  v22.9.0
[debug] [2025-01-22T08:10:04.826Z] Time:          Wed Jan 22 2025 08:10:04 GMT+0000 (Greenwich Mean Time)
[debug] [2025-01-22T08:10:04.826Z] ----------------------------------------------------------------------
[debug] 
[debug] [2025-01-22T08:10:04.828Z] >>> [apiv2][query] GET https://firebase-public.firebaseio.com/cli.json [none]
[debug] [2025-01-22T08:10:04.900Z] > command requires scopes: ["email","openid","https://www.googleapis.com/auth/cloudplatformprojects.readonly","https://www.googleapis.com/auth/firebase","https://www.googleapis.com/auth/cloud-platform"]
[debug] [2025-01-22T08:10:04.900Z] > authorizing via signed-in user (ewanmccairn2010@gmail.com)
[debug] [2025-01-22T08:10:04.900Z] [iam] checking project classroom-bee for permissions ["firebase.projects.get","firebasehosting.sites.update"]
[debug] [2025-01-22T08:10:04.901Z] Checked if tokens are valid: false, expires at: 1737403747675
[debug] [2025-01-22T08:10:04.901Z] Checked if tokens are valid: false, expires at: 1737403747675
[debug] [2025-01-22T08:10:04.901Z] > refreshing access token with scopes: []
[debug] [2025-01-22T08:10:04.901Z] >>> [apiv2][query] POST https://www.googleapis.com/oauth2/v3/token [none]
[debug] [2025-01-22T08:10:04.901Z] >>> [apiv2][body] POST https://www.googleapis.com/oauth2/v3/token [omitted]
[debug] [2025-01-22T08:10:04.928Z] *** [apiv2] error from fetch(https://www.googleapis.com/oauth2/v3/token, {"headers":{},"method":"POST","body":{"_overheadLength":545,"_valueLength":212,"_valuesToMeasure":[],"writable":false,"readable":true,"dataSize":0,"maxDataSize":2097152,"pauseStreams":true,"_released":true,"_streams":[],"_currentStream":null,"_insideLoop":false,"_pendingNext":false,"_boundary":"--------------------------537904895066939493900622","_events":{},"_eventsCount":1}}): FetchError: request to https://www.googleapis.com/oauth2/v3/token failed, reason: 
[error] Authentication Error: Your credentials are no longer valid. Please run firebase login --reauth

For CI servers and headless environments, generate a new token with firebase login:ci
[debug] [2025-01-22T08:10:04.929Z] [iam] error while checking permissions, command may fail: Authentication Error: Your credentials are no longer valid. Please run firebase login --reauth

For CI servers and headless environments, generate a new token with firebase login:ci
[debug] [2025-01-22T08:10:04.929Z] Checked if tokens are valid: false, expires at: 1737403747675
[debug] [2025-01-22T08:10:04.929Z] Checked if tokens are valid: false, expires at: 1737403747675
[debug] [2025-01-22T08:10:04.929Z] > refreshing access token with scopes: []
[debug] [2025-01-22T08:10:04.929Z] >>> [apiv2][query] POST https://www.googleapis.com/oauth2/v3/token [none]
[debug] [2025-01-22T08:10:04.929Z] >>> [apiv2][body] POST https://www.googleapis.com/oauth2/v3/token [omitted]
[debug] [2025-01-22T08:10:04.933Z] *** [apiv2] error from fetch(https://www.googleapis.com/oauth2/v3/token, {"headers":{},"method":"POST","body":{"_overheadLength":545,"_valueLength":212,"_valuesToMeasure":[],"writable":false,"readable":true,"dataSize":0,"maxDataSize":2097152,"pauseStreams":true,"_released":true,"_streams":[],"_currentStream":null,"_insideLoop":false,"_pendingNext":false,"_boundary":"--------------------------454084068463408315866313","_events":{},"_eventsCount":1}}): FetchError: request to https://www.googleapis.com/oauth2/v3/token failed, reason: 
[error] Authentication Error: Your credentials are no longer valid. Please run firebase login --reauth

For CI servers and headless environments, generate a new token with firebase login:ci
[debug] [2025-01-22T08:10:04.934Z] Authentication Error: Your credentials are no longer valid. Please run firebase login --reauth

For CI servers and headless environments, generate a new token with firebase login:ci
[error] 
[error] Error: Assertion failed: resolving hosting target of a site with no site name or target name. This should have caused an error earlier
[debug] [2025-01-22T08:10:05.066Z] *** [apiv2] error from fetch(https://firebase-public.firebaseio.com/cli.json, {"headers":{},"method":"GET"}): FetchError: request to https://firebase-public.firebaseio.com/cli.json failed, reason: 
[warn] ⚠  Unable to fetch the CLI MOTD and remote config. This is not a fatal error, but may indicate an issue with your network connection. 
[debug] [2025-01-22T08:10:05.066Z] Failed to fetch MOTD FirebaseError: Failed to make request to https://firebase-public.firebaseio.com/cli.json
